[2024-10-03 14:09:24.021] [4962] [HailoRT] [info] [device.cpp:46] [Device] OS Version: Linux 6.6.51+rpt-rpi-2712 #1 SMP PREEMPT Debian 1:6.6.51-1+rpt2 (2024-10-01) aarch64
[2024-10-03 14:09:24.022] [4962] [HailoRT] [info] [control.cpp:100] [control__parse_identify_results] firmware_version is: 4.18.0
[2024-10-03 14:09:24.022] [4962] [HailoRT] [info] [vdevice.cpp:652] [create] VDevice Infos: 0000:01:00.0
[2024-10-03 14:09:24.158] [4962] [HailoRT] [info] [hef.cpp:1844] [get_network_group_and_network_name] No name was given. Addressing all networks of default network_group: yolov5m_wo_spp
[2024-10-03 14:09:24.158] [4962] [HailoRT] [info] [hef.cpp:1844] [get_network_group_and_network_name] No name was given. Addressing all networks of default network_group: yolov5m_wo_spp
[2024-10-03 14:09:24.158] [4962] [HailoRT] [info] [hef.cpp:1844] [get_network_group_and_network_name] No name was given. Addressing all networks of default network_group: yolov5m_wo_spp
[2024-10-03 14:09:24.165] [4975] [HailoRT] [info] [internal_buffer_manager.cpp:204] [print_execution_results] Planned internal buffer memory: CMA memory 0, user memory 3689472. memory to edge layer usage factor is 0.7270709
[2024-10-03 14:09:24.165] [4975] [HailoRT] [info] [internal_buffer_manager.cpp:212] [print_execution_results] Default Internal buffer planner executed successfully
[2024-10-03 14:09:24.190] [4975] [HailoRT] [info] [device_internal.cpp:57] [configure] Configuring HEF took 31.498801 milliseconds
[2024-10-03 14:09:24.190] [4975] [HailoRT] [info] [vdevice.cpp:751] [configure] Configuring HEF on VDevice took 31.75621 milliseconds
[2024-10-03 14:09:24.190] [4975] [HailoRT] [info] [multi_io_elements.cpp:780] [create] Created (AsyncHwEl)
[2024-10-03 14:09:24.190] [4975] [HailoRT] [info] [queue_elements.cpp:420] [create] Created (EntryPushQEl0yolov5m_wo_spp/input_layer1 | timeout: 10s)
[2024-10-03 14:09:24.190] [4975] [HailoRT] [info] [filter_elements.cpp:101] [create] Created (PreInferEl1yolov5m_wo_spp/input_layer1 | Reorder - src_order: NHWC, src_shape: (640, 640, 3), dst_order: NHCW, dst_shape: (640, 640, 3))
[2024-10-03 14:09:24.190] [4975] [HailoRT] [info] [queue_elements.cpp:420] [create] Created (PushQEl1yolov5m_wo_spp/input_layer1 | timeout: 10s)
[2024-10-03 14:09:24.190] [4975] [HailoRT] [info] [multi_io_elements.cpp:159] [create] Created (NmsPPMuxEl0YOLOv5-Post-Process | Op YOLOV5, Name: YOLOv5-Post-Process, Score threshold: 0.200, IoU threshold: 0.60, Classes: 80, Cross classes: false, Max bboxes per class: 80, Image height: 640, Image width: 640)
[2024-10-03 14:09:24.190] [4975] [HailoRT] [info] [queue_elements.cpp:420] [create] Created (PushQEl_nms2yolov5m_wo_spp/conv74_132 | timeout: 10s)
[2024-10-03 14:09:24.190] [4975] [HailoRT] [info] [queue_elements.cpp:420] [create] Created (PushQEl_nms0yolov5m_wo_spp/conv84_132 | timeout: 10s)
[2024-10-03 14:09:24.190] [4975] [HailoRT] [info] [queue_elements.cpp:420] [create] Created (PushQEl_nms1yolov5m_wo_spp/conv93_132 | timeout: 10s)
[2024-10-03 14:09:24.190] [4975] [HailoRT] [info] [edge_elements.cpp:187] [create] Created (LastAsyncEl0NmsPPMuxEl0YOLOv5-Post-Process)
[2024-10-03 14:09:24.190] [4975] [HailoRT] [info] [pipeline.cpp:872] [print_deep_description] EntryPushQEl0yolov5m_wo_spp/input_layer1 | inputs: user | outputs: PreInferEl1yolov5m_wo_spp/input_layer1
[2024-10-03 14:09:24.190] [4975] [HailoRT] [info] [pipeline.cpp:872] [print_deep_description] PreInferEl1yolov5m_wo_spp/input_layer1 | inputs: EntryPushQEl0yolov5m_wo_spp/input_layer1 | outputs: PushQEl1yolov5m_wo_spp/input_layer1
[2024-10-03 14:09:24.190] [4975] [HailoRT] [info] [pipeline.cpp:872] [print_deep_description] PushQEl1yolov5m_wo_spp/input_layer1 | inputs: PreInferEl1yolov5m_wo_spp/input_layer1 | outputs: AsyncHwEl
[2024-10-03 14:09:24.190] [4975] [HailoRT] [info] [pipeline.cpp:872] [print_deep_description] AsyncHwEl | inputs: PushQEl1yolov5m_wo_spp/input_layer1 | outputs: PushQEl_nms1yolov5m_wo_spp/conv93_132 PushQEl_nms0yolov5m_wo_spp/conv84_132 PushQEl_nms2yolov5m_wo_spp/conv74_132
[2024-10-03 14:09:24.190] [4975] [HailoRT] [info] [pipeline.cpp:872] [print_deep_description] PushQEl_nms1yolov5m_wo_spp/conv93_132 | inputs: AsyncHwEl | outputs: NmsPPMuxEl0YOLOv5-Post-Process
[2024-10-03 14:09:24.191] [4975] [HailoRT] [info] [pipeline.cpp:872] [print_deep_description] NmsPPMuxEl0YOLOv5-Post-Process | inputs: PushQEl_nms2yolov5m_wo_spp/conv74_132 PushQEl_nms0yolov5m_wo_spp/conv84_132 PushQEl_nms1yolov5m_wo_spp/conv93_132 | outputs: LastAsyncEl0NmsPPMuxEl0YOLOv5-Post-Process
[2024-10-03 14:09:24.191] [4975] [HailoRT] [info] [pipeline.cpp:872] [print_deep_description] LastAsyncEl0NmsPPMuxEl0YOLOv5-Post-Process | inputs: NmsPPMuxEl0YOLOv5-Post-Process | outputs: user
[2024-10-03 14:09:24.191] [4975] [HailoRT] [info] [pipeline.cpp:872] [print_deep_description] PushQEl_nms0yolov5m_wo_spp/conv84_132 | inputs: AsyncHwEl | outputs: NmsPPMuxEl0YOLOv5-Post-Process
[2024-10-03 14:09:24.191] [4975] [HailoRT] [info] [pipeline.cpp:872] [print_deep_description] PushQEl_nms2yolov5m_wo_spp/conv74_132 | inputs: AsyncHwEl | outputs: NmsPPMuxEl0YOLOv5-Post-Process
[2024-10-03 14:09:24.410] [4975] [HailoRT] [info] [hef.cpp:1844] [get_network_group_and_network_name] No name was given. Addressing all networks of default network_group: yolov5m_wo_spp
[2024-10-03 14:09:24.579] [4975] [HailoRT] [info] [hef.cpp:1844] [get_network_group_and_network_name] No name was given. Addressing all networks of default network_group: yolov5m_wo_spp
[2024-10-03 14:09:25.024] [4975] [HailoRT] [info] [hef.cpp:1844] [get_network_group_and_network_name] No name was given. Addressing all networks of default network_group: yolov5m_wo_spp
[2024-10-03 14:09:25.025] [4975] [HailoRT] [info] [hef.cpp:1844] [get_network_group_and_network_name] No name was given. Addressing all networks of default network_group: yolov5m_wo_spp
[2024-10-03 14:09:25.070] [4975] [HailoRT] [info] [hef.cpp:1844] [get_network_group_and_network_name] No name was given. Addressing all networks of default network_group: yolov5m_wo_spp
[2024-10-03 14:09:25.070] [4975] [HailoRT] [info] [hef.cpp:1844] [get_network_group_and_network_name] No name was given. Addressing all networks of default network_group: yolov5m_wo_spp
[2024-10-03 14:09:25.115] [4975] [HailoRT] [info] [hef.cpp:1844] [get_network_group_and_network_name] No name was given. Addressing all networks of default network_group: yolov5m_wo_spp
[2024-10-03 14:09:25.115] [4975] [HailoRT] [info] [hef.cpp:1844] [get_network_group_and_network_name] No name was given. Addressing all networks of default network_group: yolov5m_wo_spp
[2024-10-03 14:09:25.166] [4975] [HailoRT] [info] [hef.cpp:1844] [get_network_group_and_network_name] No name was given. Addressing all networks of default network_group: yolov5m_wo_spp
[2024-10-03 14:09:25.167] [4975] [HailoRT] [info] [hef.cpp:1844] [get_network_group_and_network_name] No name was given. Addressing all networks of default network_group: yolov5m_wo_spp
[2024-10-03 14:09:25.214] [4975] [HailoRT] [info] [hef.cpp:1844] [get_network_group_and_network_name] No name was given. Addressing all networks of default network_group: yolov5m_wo_spp
[2024-10-03 14:09:25.215] [4975] [HailoRT] [info] [hef.cpp:1844] [get_network_group_and_network_name] No name was given. Addressing all networks of default network_group: yolov5m_wo_spp
[2024-10-03 14:09:25.258] [4975] [HailoRT] [info] [hef.cpp:1844] [get_network_group_and_network_name] No name was given. Addressing all networks of default network_group: yolov5m_wo_spp
[2024-10-03 14:09:25.258] [4975] [HailoRT] [info] [hef.cpp:1844] [get_network_group_and_network_name] No name was given. Addressing all networks of default network_group: yolov5m_wo_spp
[2024-10-03 14:09:25.306] [4975] [HailoRT] [info] [hef.cpp:1844] [get_network_group_and_network_name] No name was given. Addressing all networks of default network_group: yolov5m_wo_spp
[2024-10-03 14:09:25.306] [4975] [HailoRT] [info] [hef.cpp:1844] [get_network_group_and_network_name] No name was given. Addressing all networks of default network_group: yolov5m_wo_spp
[2024-10-03 14:09:25.346] [4975] [HailoRT] [info] [hef.cpp:1844] [get_network_group_and_network_name] No name was given. Addressing all networks of default network_group: yolov5m_wo_spp
[2024-10-03 14:09:25.346] [4975] [HailoRT] [info] [hef.cpp:1844] [get_network_group_and_network_name] No name was given. Addressing all networks of default network_group: yolov5m_wo_spp
[2024-10-03 14:09:25.385] [4975] [HailoRT] [info] [hef.cpp:1844] [get_network_group_and_network_name] No name was given. Addressing all networks of default network_group: yolov5m_wo_spp
[2024-10-03 14:09:25.385] [4975] [HailoRT] [info] [hef.cpp:1844] [get_network_group_and_network_name] No name was given. Addressing all networks of default network_group: yolov5m_wo_spp
[2024-10-03 14:09:25.424] [4975] [HailoRT] [info] [hef.cpp:1844] [get_network_group_and_network_name] No name was given. Addressing all networks of default network_group: yolov5m_wo_spp
[2024-10-03 14:09:25.424] [4975] [HailoRT] [info] [hef.cpp:1844] [get_network_group_and_network_name] No name was given. Addressing all networks of default network_group: yolov5m_wo_spp
[2024-10-03 14:09:25.463] [4975] [HailoRT] [info] [hef.cpp:1844] [get_network_group_and_network_name] No name was given. Addressing all networks of default network_group: yolov5m_wo_spp
[2024-10-03 14:09:25.464] [4975] [HailoRT] [info] [hef.cpp:1844] [get_network_group_and_network_name] No name was given. Addressing all networks of default network_group: yolov5m_wo_spp
[2024-10-03 14:09:25.503] [4975] [HailoRT] [info] [hef.cpp:1844] [get_network_group_and_network_name] No name was given. Addressing all networks of default network_group: yolov5m_wo_spp
[2024-10-03 14:09:25.503] [4975] [HailoRT] [info] [hef.cpp:1844] [get_network_group_and_network_name] No name was given. Addressing all networks of default network_group: yolov5m_wo_spp
[2024-10-03 14:09:25.544] [4975] [HailoRT] [info] [hef.cpp:1844] [get_network_group_and_network_name] No name was given. Addressing all networks of default network_group: yolov5m_wo_spp
[2024-10-03 14:09:25.545] [4975] [HailoRT] [info] [hef.cpp:1844] [get_network_group_and_network_name] No name was given. Addressing all networks of default network_group: yolov5m_wo_spp
[2024-10-03 14:09:25.587] [4975] [HailoRT] [info] [hef.cpp:1844] [get_network_group_and_network_name] No name was given. Addressing all networks of default network_group: yolov5m_wo_spp
[2024-10-03 14:09:25.587] [4975] [HailoRT] [info] [hef.cpp:1844] [get_network_group_and_network_name] No name was given. Addressing all networks of default network_group: yolov5m_wo_spp
[2024-10-03 14:09:25.628] [4975] [HailoRT] [info] [hef.cpp:1844] [get_network_group_and_network_name] No name was given. Addressing all networks of default network_group: yolov5m_wo_spp
[2024-10-03 14:09:25.628] [4975] [HailoRT] [info] [hef.cpp:1844] [get_network_group_and_network_name] No name was given. Addressing all networks of default network_group: yolov5m_wo_spp
[2024-10-03 14:09:25.668] [4975] [HailoRT] [info] [hef.cpp:1844] [get_network_group_and_network_name] No name was given. Addressing all networks of default network_group: yolov5m_wo_spp
[2024-10-03 14:09:25.668] [4975] [HailoRT] [info] [hef.cpp:1844] [get_network_group_and_network_name] No name was given. Addressing all networks of default network_group: yolov5m_wo_spp
[2024-10-03 14:09:25.708] [4975] [HailoRT] [info] [hef.cpp:1844] [get_network_group_and_network_name] No name was given. Addressing all networks of default network_group: yolov5m_wo_spp
[2024-10-03 14:09:25.708] [4975] [HailoRT] [info] [hef.cpp:1844] [get_network_group_and_network_name] No name was given. Addressing all networks of default network_group: yolov5m_wo_spp
[2024-10-03 14:09:25.749] [4975] [HailoRT] [info] [hef.cpp:1844] [get_network_group_and_network_name] No name was given. Addressing all networks of default network_group: yolov5m_wo_spp
[2024-10-03 14:09:25.749] [4975] [HailoRT] [info] [hef.cpp:1844] [get_network_group_and_network_name] No name was given. Addressing all networks of default network_group: yolov5m_wo_spp
[2024-10-03 14:09:25.788] [4975] [HailoRT] [info] [hef.cpp:1844] [get_network_group_and_network_name] No name was given. Addressing all networks of default network_group: yolov5m_wo_spp
[2024-10-03 14:09:25.789] [4975] [HailoRT] [info] [hef.cpp:1844] [get_network_group_and_network_name] No name was given. Addressing all networks of default network_group: yolov5m_wo_spp
[2024-10-03 14:09:25.828] [4975] [HailoRT] [info] [hef.cpp:1844] [get_network_group_and_network_name] No name was given. Addressing all networks of default network_group: yolov5m_wo_spp
[2024-10-03 14:09:25.829] [4975] [HailoRT] [info] [hef.cpp:1844] [get_network_group_and_network_name] No name was given. Addressing all networks of default network_group: yolov5m_wo_spp
[2024-10-03 14:09:25.869] [4975] [HailoRT] [info] [hef.cpp:1844] [get_network_group_and_network_name] No name was given. Addressing all networks of default network_group: yolov5m_wo_spp
[2024-10-03 14:09:25.869] [4975] [HailoRT] [info] [hef.cpp:1844] [get_network_group_and_network_name] No name was given. Addressing all networks of default network_group: yolov5m_wo_spp
[2024-10-03 14:09:25.909] [4975] [HailoRT] [info] [hef.cpp:1844] [get_network_group_and_network_name] No name was given. Addressing all networks of default network_group: yolov5m_wo_spp
[2024-10-03 14:09:25.909] [4975] [HailoRT] [info] [hef.cpp:1844] [get_network_group_and_network_name] No name was given. Addressing all networks of default network_group: yolov5m_wo_spp
[2024-10-03 14:09:25.949] [4975] [HailoRT] [info] [hef.cpp:1844] [get_network_group_and_network_name] No name was given. Addressing all networks of default network_group: yolov5m_wo_spp
[2024-10-03 14:09:25.950] [4975] [HailoRT] [info] [hef.cpp:1844] [get_network_group_and_network_name] No name was given. Addressing all networks of default network_group: yolov5m_wo_spp
[2024-10-03 14:09:25.990] [4975] [HailoRT] [info] [hef.cpp:1844] [get_network_group_and_network_name] No name was given. Addressing all networks of default network_group: yolov5m_wo_spp
[2024-10-03 14:09:25.990] [4975] [HailoRT] [info] [hef.cpp:1844] [get_network_group_and_network_name] No name was given. Addressing all networks of default network_group: yolov5m_wo_spp
[2024-10-03 14:09:26.031] [4975] [HailoRT] [info] [hef.cpp:1844] [get_network_group_and_network_name] No name was given. Addressing all networks of default network_group: yolov5m_wo_spp
[2024-10-03 14:09:26.031] [4975] [HailoRT] [info] [hef.cpp:1844] [get_network_group_and_network_name] No name was given. Addressing all networks of default network_group: yolov5m_wo_spp
[2024-10-03 14:09:26.071] [4975] [HailoRT] [info] [hef.cpp:1844] [get_network_group_and_network_name] No name was given. Addressing all networks of default network_group: yolov5m_wo_spp
[2024-10-03 14:09:26.071] [4975] [HailoRT] [info] [hef.cpp:1844] [get_network_group_and_network_name] No name was given. Addressing all networks of default network_group: yolov5m_wo_spp
[2024-10-03 14:09:26.111] [4975] [HailoRT] [info] [hef.cpp:1844] [get_network_group_and_network_name] No name was given. Addressing all networks of default network_group: yolov5m_wo_spp
[2024-10-03 14:09:26.111] [4975] [HailoRT] [info] [hef.cpp:1844] [get_network_group_and_network_name] No name was given. Addressing all networks of default network_group: yolov5m_wo_spp
[2024-10-03 14:09:26.152] [4975] [HailoRT] [info] [hef.cpp:1844] [get_network_group_and_network_name] No name was given. Addressing all networks of default network_group: yolov5m_wo_spp
[2024-10-03 14:09:26.152] [4975] [HailoRT] [info] [hef.cpp:1844] [get_network_group_and_network_name] No name was given. Addressing all networks of default network_group: yolov5m_wo_spp
[2024-10-03 14:09:26.191] [4975] [HailoRT] [info] [hef.cpp:1844] [get_network_group_and_network_name] No name was given. Addressing all networks of default network_group: yolov5m_wo_spp
[2024-10-03 14:09:26.192] [4975] [HailoRT] [info] [hef.cpp:1844] [get_network_group_and_network_name] No name was given. Addressing all networks of default network_group: yolov5m_wo_spp
[2024-10-03 14:09:26.231] [4975] [HailoRT] [info] [hef.cpp:1844] [get_network_group_and_network_name] No name was given. Addressing all networks of default network_group: yolov5m_wo_spp
[2024-10-03 14:09:26.232] [4975] [HailoRT] [info] [hef.cpp:1844] [get_network_group_and_network_name] No name was given. Addressing all networks of default network_group: yolov5m_wo_spp
[2024-10-03 14:09:26.273] [4975] [HailoRT] [info] [hef.cpp:1844] [get_network_group_and_network_name] No name was given. Addressing all networks of default network_group: yolov5m_wo_spp
[2024-10-03 14:09:26.273] [4975] [HailoRT] [info] [hef.cpp:1844] [get_network_group_and_network_name] No name was given. Addressing all networks of default network_group: yolov5m_wo_spp
[2024-10-03 14:09:26.315] [4975] [HailoRT] [info] [hef.cpp:1844] [get_network_group_and_network_name] No name was given. Addressing all networks of default network_group: yolov5m_wo_spp
[2024-10-03 14:09:26.315] [4975] [HailoRT] [info] [hef.cpp:1844] [get_network_group_and_network_name] No name was given. Addressing all networks of default network_group: yolov5m_wo_spp
[2024-10-03 14:09:26.359] [4975] [HailoRT] [info] [hef.cpp:1844] [get_network_group_and_network_name] No name was given. Addressing all networks of default network_group: yolov5m_wo_spp
[2024-10-03 14:09:26.360] [4975] [HailoRT] [info] [hef.cpp:1844] [get_network_group_and_network_name] No name was given. Addressing all networks of default network_group: yolov5m_wo_spp
[2024-10-03 14:09:26.400] [4975] [HailoRT] [info] [hef.cpp:1844] [get_network_group_and_network_name] No name was given. Addressing all networks of default network_group: yolov5m_wo_spp
[2024-10-03 14:09:26.400] [4975] [HailoRT] [info] [hef.cpp:1844] [get_network_group_and_network_name] No name was given. Addressing all networks of default network_group: yolov5m_wo_spp
[2024-10-03 14:09:26.440] [4975] [HailoRT] [info] [hef.cpp:1844] [get_network_group_and_network_name] No name was given. Addressing all networks of default network_group: yolov5m_wo_spp
[2024-10-03 14:09:26.440] [4975] [HailoRT] [info] [hef.cpp:1844] [get_network_group_and_network_name] No name was given. Addressing all networks of default network_group: yolov5m_wo_spp
[2024-10-03 14:09:26.480] [4975] [HailoRT] [info] [hef.cpp:1844] [get_network_group_and_network_name] No name was given. Addressing all networks of default network_group: yolov5m_wo_spp
[2024-10-03 14:09:26.480] [4975] [HailoRT] [info] [hef.cpp:1844] [get_network_group_and_network_name] No name was given. Addressing all networks of default network_group: yolov5m_wo_spp
[2024-10-03 14:09:26.520] [4975] [HailoRT] [info] [hef.cpp:1844] [get_network_group_and_network_name] No name was given. Addressing all networks of default network_group: yolov5m_wo_spp
[2024-10-03 14:09:26.520] [4975] [HailoRT] [info] [hef.cpp:1844] [get_network_group_and_network_name] No name was given. Addressing all networks of default network_group: yolov5m_wo_spp
[2024-10-03 14:09:26.560] [4975] [HailoRT] [info] [hef.cpp:1844] [get_network_group_and_network_name] No name was given. Addressing all networks of default network_group: yolov5m_wo_spp
[2024-10-03 14:09:26.560] [4975] [HailoRT] [info] [hef.cpp:1844] [get_network_group_and_network_name] No name was given. Addressing all networks of default network_group: yolov5m_wo_spp
[2024-10-03 14:09:26.607] [4975] [HailoRT] [info] [hef.cpp:1844] [get_network_group_and_network_name] No name was given. Addressing all networks of default network_group: yolov5m_wo_spp
[2024-10-03 14:09:26.607] [4975] [HailoRT] [info] [hef.cpp:1844] [get_network_group_and_network_name] No name was given. Addressing all networks of default network_group: yolov5m_wo_spp
[2024-10-03 14:09:26.656] [4975] [HailoRT] [info] [hef.cpp:1844] [get_network_group_and_network_name] No name was given. Addressing all networks of default network_group: yolov5m_wo_spp
[2024-10-03 14:09:26.657] [4975] [HailoRT] [info] [hef.cpp:1844] [get_network_group_and_network_name] No name was given. Addressing all networks of default network_group: yolov5m_wo_spp
[2024-10-03 14:09:26.703] [4975] [HailoRT] [info] [hef.cpp:1844] [get_network_group_and_network_name] No name was given. Addressing all networks of default network_group: yolov5m_wo_spp
[2024-10-03 14:09:26.703] [4975] [HailoRT] [info] [hef.cpp:1844] [get_network_group_and_network_name] No name was given. Addressing all networks of default network_group: yolov5m_wo_spp
[2024-10-03 14:09:26.751] [4975] [HailoRT] [info] [hef.cpp:1844] [get_network_group_and_network_name] No name was given. Addressing all networks of default network_group: yolov5m_wo_spp
[2024-10-03 14:09:26.751] [4975] [HailoRT] [info] [hef.cpp:1844] [get_network_group_and_network_name] No name was given. Addressing all networks of default network_group: yolov5m_wo_spp
[2024-10-03 14:09:26.793] [4975] [HailoRT] [info] [hef.cpp:1844] [get_network_group_and_network_name] No name was given. Addressing all networks of default network_group: yolov5m_wo_spp
[2024-10-03 14:09:26.794] [4975] [HailoRT] [info] [hef.cpp:1844] [get_network_group_and_network_name] No name was given. Addressing all networks of default network_group: yolov5m_wo_spp
[2024-10-03 14:09:26.840] [4975] [HailoRT] [info] [hef.cpp:1844] [get_network_group_and_network_name] No name was given. Addressing all networks of default network_group: yolov5m_wo_spp
[2024-10-03 14:09:26.840] [4975] [HailoRT] [info] [hef.cpp:1844] [get_network_group_and_network_name] No name was given. Addressing all networks of default network_group: yolov5m_wo_spp
[2024-10-03 14:09:26.880] [4975] [HailoRT] [info] [hef.cpp:1844] [get_network_group_and_network_name] No name was given. Addressing all networks of default network_group: yolov5m_wo_spp
[2024-10-03 14:09:26.880] [4975] [HailoRT] [info] [hef.cpp:1844] [get_network_group_and_network_name] No name was given. Addressing all networks of default network_group: yolov5m_wo_spp
[2024-10-03 14:09:26.920] [4975] [HailoRT] [info] [hef.cpp:1844] [get_network_group_and_network_name] No name was given. Addressing all networks of default network_group: yolov5m_wo_spp
[2024-10-03 14:09:26.921] [4975] [HailoRT] [info] [hef.cpp:1844] [get_network_group_and_network_name] No name was given. Addressing all networks of default network_group: yolov5m_wo_spp
[2024-10-03 14:09:26.961] [4975] [HailoRT] [info] [hef.cpp:1844] [get_network_group_and_network_name] No name was given. Addressing all networks of default network_group: yolov5m_wo_spp
[2024-10-03 14:09:26.961] [4975] [HailoRT] [info] [hef.cpp:1844] [get_network_group_and_network_name] No name was given. Addressing all networks of default network_group: yolov5m_wo_spp
[2024-10-03 14:09:27.003] [4975] [HailoRT] [info] [hef.cpp:1844] [get_network_group_and_network_name] No name was given. Addressing all networks of default network_group: yolov5m_wo_spp
[2024-10-03 14:09:27.003] [4975] [HailoRT] [info] [hef.cpp:1844] [get_network_group_and_network_name] No name was given. Addressing all networks of default network_group: yolov5m_wo_spp
[2024-10-03 14:09:27.045] [4975] [HailoRT] [info] [hef.cpp:1844] [get_network_group_and_network_name] No name was given. Addressing all networks of default network_group: yolov5m_wo_spp
[2024-10-03 14:09:27.045] [4975] [HailoRT] [info] [hef.cpp:1844] [get_network_group_and_network_name] No name was given. Addressing all networks of default network_group: yolov5m_wo_spp
[2024-10-03 14:09:27.090] [4975] [HailoRT] [info] [hef.cpp:1844] [get_network_group_and_network_name] No name was given. Addressing all networks of default network_group: yolov5m_wo_spp
[2024-10-03 14:09:27.090] [4975] [HailoRT] [info] [hef.cpp:1844] [get_network_group_and_network_name] No name was given. Addressing all networks of default network_group: yolov5m_wo_spp
[2024-10-03 14:09:27.134] [4975] [HailoRT] [info] [hef.cpp:1844] [get_network_group_and_network_name] No name was given. Addressing all networks of default network_group: yolov5m_wo_spp
[2024-10-03 14:09:27.135] [4975] [HailoRT] [info] [hef.cpp:1844] [get_network_group_and_network_name] No name was given. Addressing all networks of default network_group: yolov5m_wo_spp
[2024-10-03 14:09:27.176] [4975] [HailoRT] [info] [hef.cpp:1844] [get_network_group_and_network_name] No name was given. Addressing all networks of default network_group: yolov5m_wo_spp
[2024-10-03 14:09:27.176] [4975] [HailoRT] [info] [hef.cpp:1844] [get_network_group_and_network_name] No name was given. Addressing all networks of default network_group: yolov5m_wo_spp
[2024-10-03 14:09:27.216] [4975] [HailoRT] [info] [hef.cpp:1844] [get_network_group_and_network_name] No name was given. Addressing all networks of default network_group: yolov5m_wo_spp
[2024-10-03 14:09:27.216] [4975] [HailoRT] [info] [hef.cpp:1844] [get_network_group_and_network_name] No name was given. Addressing all networks of default network_group: yolov5m_wo_spp
[2024-10-03 14:09:27.257] [4975] [HailoRT] [info] [hef.cpp:1844] [get_network_group_and_network_name] No name was given. Addressing all networks of default network_group: yolov5m_wo_spp
[2024-10-03 14:09:27.257] [4975] [HailoRT] [info] [hef.cpp:1844] [get_network_group_and_network_name] No name was given. Addressing all networks of default network_group: yolov5m_wo_spp
[2024-10-03 14:09:27.300] [4975] [HailoRT] [info] [hef.cpp:1844] [get_network_group_and_network_name] No name was given. Addressing all networks of default network_group: yolov5m_wo_spp
[2024-10-03 14:09:27.301] [4975] [HailoRT] [info] [hef.cpp:1844] [get_network_group_and_network_name] No name was given. Addressing all networks of default network_group: yolov5m_wo_spp
[2024-10-03 14:09:27.346] [4975] [HailoRT] [info] [hef.cpp:1844] [get_network_group_and_network_name] No name was given. Addressing all networks of default network_group: yolov5m_wo_spp
[2024-10-03 14:09:27.346] [4975] [HailoRT] [info] [hef.cpp:1844] [get_network_group_and_network_name] No name was given. Addressing all networks of default network_group: yolov5m_wo_spp
[2024-10-03 14:09:27.387] [4975] [HailoRT] [info] [hef.cpp:1844] [get_network_group_and_network_name] No name was given. Addressing all networks of default network_group: yolov5m_wo_spp
[2024-10-03 14:09:27.388] [4975] [HailoRT] [info] [hef.cpp:1844] [get_network_group_and_network_name] No name was given. Addressing all networks of default network_group: yolov5m_wo_spp
[2024-10-03 14:09:27.428] [4975] [HailoRT] [info] [hef.cpp:1844] [get_network_group_and_network_name] No name was given. Addressing all networks of default network_group: yolov5m_wo_spp
[2024-10-03 14:09:27.429] [4975] [HailoRT] [info] [hef.cpp:1844] [get_network_group_and_network_name] No name was given. Addressing all networks of default network_group: yolov5m_wo_spp
[2024-10-03 14:09:27.471] [4975] [HailoRT] [info] [hef.cpp:1844] [get_network_group_and_network_name] No name was given. Addressing all networks of default network_group: yolov5m_wo_spp
[2024-10-03 14:09:27.471] [4975] [HailoRT] [info] [hef.cpp:1844] [get_network_group_and_network_name] No name was given. Addressing all networks of default network_group: yolov5m_wo_spp
[2024-10-03 14:09:27.513] [4975] [HailoRT] [info] [hef.cpp:1844] [get_network_group_and_network_name] No name was given. Addressing all networks of default network_group: yolov5m_wo_spp
[2024-10-03 14:09:27.513] [4975] [HailoRT] [info] [hef.cpp:1844] [get_network_group_and_network_name] No name was given. Addressing all networks of default network_group: yolov5m_wo_spp
[2024-10-03 14:09:27.554] [4975] [HailoRT] [info] [hef.cpp:1844] [get_network_group_and_network_name] No name was given. Addressing all networks of default network_group: yolov5m_wo_spp
[2024-10-03 14:09:27.554] [4975] [HailoRT] [info] [hef.cpp:1844] [get_network_group_and_network_name] No name was given. Addressing all networks of default network_group: yolov5m_wo_spp
[2024-10-03 14:09:27.595] [4975] [HailoRT] [info] [hef.cpp:1844] [get_network_group_and_network_name] No name was given. Addressing all networks of default network_group: yolov5m_wo_spp
[2024-10-03 14:09:27.595] [4975] [HailoRT] [info] [hef.cpp:1844] [get_network_group_and_network_name] No name was given. Addressing all networks of default network_group: yolov5m_wo_spp
[2024-10-03 14:09:27.636] [4975] [HailoRT] [info] [hef.cpp:1844] [get_network_group_and_network_name] No name was given. Addressing all networks of default network_group: yolov5m_wo_spp
[2024-10-03 14:09:27.636] [4975] [HailoRT] [info] [hef.cpp:1844] [get_network_group_and_network_name] No name was given. Addressing all networks of default network_group: yolov5m_wo_spp
[2024-10-03 14:09:27.679] [4975] [HailoRT] [info] [hef.cpp:1844] [get_network_group_and_network_name] No name was given. Addressing all networks of default network_group: yolov5m_wo_spp
[2024-10-03 14:09:27.679] [4975] [HailoRT] [info] [hef.cpp:1844] [get_network_group_and_network_name] No name was given. Addressing all networks of default network_group: yolov5m_wo_spp
[2024-10-03 14:09:27.723] [4975] [HailoRT] [info] [hef.cpp:1844] [get_network_group_and_network_name] No name was given. Addressing all networks of default network_group: yolov5m_wo_spp
[2024-10-03 14:09:27.724] [4975] [HailoRT] [info] [hef.cpp:1844] [get_network_group_and_network_name] No name was given. Addressing all networks of default network_group: yolov5m_wo_spp
[2024-10-03 14:09:27.763] [4975] [HailoRT] [info] [hef.cpp:1844] [get_network_group_and_network_name] No name was given. Addressing all networks of default network_group: yolov5m_wo_spp
[2024-10-03 14:09:27.763] [4975] [HailoRT] [info] [hef.cpp:1844] [get_network_group_and_network_name] No name was given. Addressing all networks of default network_group: yolov5m_wo_spp
[2024-10-03 14:09:27.804] [4975] [HailoRT] [info] [hef.cpp:1844] [get_network_group_and_network_name] No name was given. Addressing all networks of default network_group: yolov5m_wo_spp
[2024-10-03 14:09:27.804] [4975] [HailoRT] [info] [hef.cpp:1844] [get_network_group_and_network_name] No name was given. Addressing all networks of default network_group: yolov5m_wo_spp
[2024-10-03 14:09:27.847] [4975] [HailoRT] [info] [hef.cpp:1844] [get_network_group_and_network_name] No name was given. Addressing all networks of default network_group: yolov5m_wo_spp
[2024-10-03 14:09:27.847] [4975] [HailoRT] [info] [hef.cpp:1844] [get_network_group_and_network_name] No name was given. Addressing all networks of default network_group: yolov5m_wo_spp
[2024-10-03 14:09:27.891] [4975] [HailoRT] [info] [hef.cpp:1844] [get_network_group_and_network_name] No name was given. Addressing all networks of default network_group: yolov5m_wo_spp
[2024-10-03 14:09:27.891] [4975] [HailoRT] [info] [hef.cpp:1844] [get_network_group_and_network_name] No name was given. Addressing all networks of default network_group: yolov5m_wo_spp
[2024-10-03 14:09:27.936] [4975] [HailoRT] [info] [hef.cpp:1844] [get_network_group_and_network_name] No name was given. Addressing all networks of default network_group: yolov5m_wo_spp
[2024-10-03 14:09:27.936] [4975] [HailoRT] [info] [hef.cpp:1844] [get_network_group_and_network_name] No name was given. Addressing all networks of default network_group: yolov5m_wo_spp
[2024-10-03 14:09:27.976] [4975] [HailoRT] [info] [hef.cpp:1844] [get_network_group_and_network_name] No name was given. Addressing all networks of default network_group: yolov5m_wo_spp
[2024-10-03 14:09:27.976] [4975] [HailoRT] [info] [hef.cpp:1844] [get_network_group_and_network_name] No name was given. Addressing all networks of default network_group: yolov5m_wo_spp
[2024-10-03 14:09:28.017] [4975] [HailoRT] [info] [hef.cpp:1844] [get_network_group_and_network_name] No name was given. Addressing all networks of default network_group: yolov5m_wo_spp
[2024-10-03 14:09:28.018] [4975] [HailoRT] [info] [hef.cpp:1844] [get_network_group_and_network_name] No name was given. Addressing all networks of default network_group: yolov5m_wo_spp
[2024-10-03 14:09:28.060] [4975] [HailoRT] [info] [hef.cpp:1844] [get_network_group_and_network_name] No name was given. Addressing all networks of default network_group: yolov5m_wo_spp
[2024-10-03 14:09:28.060] [4975] [HailoRT] [info] [hef.cpp:1844] [get_network_group_and_network_name] No name was given. Addressing all networks of default network_group: yolov5m_wo_spp
[2024-10-03 14:09:28.102] [4975] [HailoRT] [info] [hef.cpp:1844] [get_network_group_and_network_name] No name was given. Addressing all networks of default network_group: yolov5m_wo_spp
[2024-10-03 14:09:28.103] [4975] [HailoRT] [info] [hef.cpp:1844] [get_network_group_and_network_name] No name was given. Addressing all networks of default network_group: yolov5m_wo_spp
[2024-10-03 14:09:28.144] [4975] [HailoRT] [info] [hef.cpp:1844] [get_network_group_and_network_name] No name was given. Addressing all networks of default network_group: yolov5m_wo_spp
[2024-10-03 14:09:28.144] [4975] [HailoRT] [info] [hef.cpp:1844] [get_network_group_and_network_name] No name was given. Addressing all networks of default network_group: yolov5m_wo_spp
[2024-10-03 14:09:28.188] [4975] [HailoRT] [info] [hef.cpp:1844] [get_network_group_and_network_name] No name was given. Addressing all networks of default network_group: yolov5m_wo_spp
[2024-10-03 14:09:28.188] [4975] [HailoRT] [info] [hef.cpp:1844] [get_network_group_and_network_name] No name was given. Addressing all networks of default network_group: yolov5m_wo_spp
[2024-10-03 14:09:28.234] [4975] [HailoRT] [info] [hef.cpp:1844] [get_network_group_and_network_name] No name was given. Addressing all networks of default network_group: yolov5m_wo_spp
[2024-10-03 14:09:28.234] [4975] [HailoRT] [info] [hef.cpp:1844] [get_network_group_and_network_name] No name was given. Addressing all networks of default network_group: yolov5m_wo_spp
[2024-10-03 14:09:28.275] [4975] [HailoRT] [info] [hef.cpp:1844] [get_network_group_and_network_name] No name was given. Addressing all networks of default network_group: yolov5m_wo_spp
[2024-10-03 14:09:28.276] [4975] [HailoRT] [info] [hef.cpp:1844] [get_network_group_and_network_name] No name was given. Addressing all networks of default network_group: yolov5m_wo_spp
[2024-10-03 14:09:28.316] [4975] [HailoRT] [info] [hef.cpp:1844] [get_network_group_and_network_name] No name was given. Addressing all networks of default network_group: yolov5m_wo_spp
[2024-10-03 14:09:28.316] [4975] [HailoRT] [info] [hef.cpp:1844] [get_network_group_and_network_name] No name was given. Addressing all networks of default network_group: yolov5m_wo_spp
[2024-10-03 14:09:28.359] [4975] [HailoRT] [info] [hef.cpp:1844] [get_network_group_and_network_name] No name was given. Addressing all networks of default network_group: yolov5m_wo_spp
[2024-10-03 14:09:28.360] [4975] [HailoRT] [info] [hef.cpp:1844] [get_network_group_and_network_name] No name was given. Addressing all networks of default network_group: yolov5m_wo_spp
[2024-10-03 14:09:28.403] [4975] [HailoRT] [info] [hef.cpp:1844] [get_network_group_and_network_name] No name was given. Addressing all networks of default network_group: yolov5m_wo_spp
[2024-10-03 14:09:28.403] [4975] [HailoRT] [info] [hef.cpp:1844] [get_network_group_and_network_name] No name was given. Addressing all networks of default network_group: yolov5m_wo_spp
[2024-10-03 14:09:28.446] [4975] [HailoRT] [info] [hef.cpp:1844] [get_network_group_and_network_name] No name was given. Addressing all networks of default network_group: yolov5m_wo_spp
[2024-10-03 14:09:28.446] [4975] [HailoRT] [info] [hef.cpp:1844] [get_network_group_and_network_name] No name was given. Addressing all networks of default network_group: yolov5m_wo_spp
[2024-10-03 14:09:28.489] [4975] [HailoRT] [info] [hef.cpp:1844] [get_network_group_and_network_name] No name was given. Addressing all networks of default network_group: yolov5m_wo_spp
[2024-10-03 14:09:28.490] [4975] [HailoRT] [info] [hef.cpp:1844] [get_network_group_and_network_name] No name was given. Addressing all networks of default network_group: yolov5m_wo_spp
[2024-10-03 14:09:28.532] [4975] [HailoRT] [info] [hef.cpp:1844] [get_network_group_and_network_name] No name was given. Addressing all networks of default network_group: yolov5m_wo_spp
[2024-10-03 14:09:28.533] [4975] [HailoRT] [info] [hef.cpp:1844] [get_network_group_and_network_name] No name was given. Addressing all networks of default network_group: yolov5m_wo_spp
[2024-10-03 14:09:28.573] [4975] [HailoRT] [info] [hef.cpp:1844] [get_network_group_and_network_name] No name was given. Addressing all networks of default network_group: yolov5m_wo_spp
[2024-10-03 14:09:28.573] [4975] [HailoRT] [info] [hef.cpp:1844] [get_network_group_and_network_name] No name was given. Addressing all networks of default network_group: yolov5m_wo_spp
[2024-10-03 14:09:28.615] [4975] [HailoRT] [info] [hef.cpp:1844] [get_network_group_and_network_name] No name was given. Addressing all networks of default network_group: yolov5m_wo_spp
[2024-10-03 14:09:28.615] [4975] [HailoRT] [info] [hef.cpp:1844] [get_network_group_and_network_name] No name was given. Addressing all networks of default network_group: yolov5m_wo_spp
[2024-10-03 14:09:28.658] [4975] [HailoRT] [info] [hef.cpp:1844] [get_network_group_and_network_name] No name was given. Addressing all networks of default network_group: yolov5m_wo_spp
[2024-10-03 14:09:28.658] [4975] [HailoRT] [info] [hef.cpp:1844] [get_network_group_and_network_name] No name was given. Addressing all networks of default network_group: yolov5m_wo_spp
[2024-10-03 14:09:28.701] [4975] [HailoRT] [info] [hef.cpp:1844] [get_network_group_and_network_name] No name was given. Addressing all networks of default network_group: yolov5m_wo_spp
[2024-10-03 14:09:28.701] [4975] [HailoRT] [info] [hef.cpp:1844] [get_network_group_and_network_name] No name was given. Addressing all networks of default network_group: yolov5m_wo_spp
[2024-10-03 14:09:28.744] [4975] [HailoRT] [info] [hef.cpp:1844] [get_network_group_and_network_name] No name was given. Addressing all networks of default network_group: yolov5m_wo_spp
[2024-10-03 14:09:28.744] [4975] [HailoRT] [info] [hef.cpp:1844] [get_network_group_and_network_name] No name was given. Addressing all networks of default network_group: yolov5m_wo_spp
[2024-10-03 14:09:28.788] [4975] [HailoRT] [info] [hef.cpp:1844] [get_network_group_and_network_name] No name was given. Addressing all networks of default network_group: yolov5m_wo_spp
[2024-10-03 14:09:28.788] [4975] [HailoRT] [info] [hef.cpp:1844] [get_network_group_and_network_name] No name was given. Addressing all networks of default network_group: yolov5m_wo_spp
[2024-10-03 14:09:28.831] [4975] [HailoRT] [info] [hef.cpp:1844] [get_network_group_and_network_name] No name was given. Addressing all networks of default network_group: yolov5m_wo_spp
[2024-10-03 14:09:28.831] [4975] [HailoRT] [info] [hef.cpp:1844] [get_network_group_and_network_name] No name was given. Addressing all networks of default network_group: yolov5m_wo_spp
[2024-10-03 14:09:28.872] [4975] [HailoRT] [info] [hef.cpp:1844] [get_network_group_and_network_name] No name was given. Addressing all networks of default network_group: yolov5m_wo_spp
[2024-10-03 14:09:28.872] [4975] [HailoRT] [info] [hef.cpp:1844] [get_network_group_and_network_name] No name was given. Addressing all networks of default network_group: yolov5m_wo_spp
[2024-10-03 14:09:28.914] [4975] [HailoRT] [info] [hef.cpp:1844] [get_network_group_and_network_name] No name was given. Addressing all networks of default network_group: yolov5m_wo_spp
[2024-10-03 14:09:28.914] [4975] [HailoRT] [info] [hef.cpp:1844] [get_network_group_and_network_name] No name was given. Addressing all networks of default network_group: yolov5m_wo_spp
[2024-10-03 14:09:28.968] [4975] [HailoRT] [info] [hef.cpp:1844] [get_network_group_and_network_name] No name was given. Addressing all networks of default network_group: yolov5m_wo_spp
[2024-10-03 14:09:28.969] [4975] [HailoRT] [info] [hef.cpp:1844] [get_network_group_and_network_name] No name was given. Addressing all networks of default network_group: yolov5m_wo_spp
[2024-10-03 14:09:29.011] [4975] [HailoRT] [info] [hef.cpp:1844] [get_network_group_and_network_name] No name was given. Addressing all networks of default network_group: yolov5m_wo_spp
[2024-10-03 14:09:29.011] [4975] [HailoRT] [info] [hef.cpp:1844] [get_network_group_and_network_name] No name was given. Addressing all networks of default network_group: yolov5m_wo_spp
[2024-10-03 14:09:29.050] [4975] [HailoRT] [info] [hef.cpp:1844] [get_network_group_and_network_name] No name was given. Addressing all networks of default network_group: yolov5m_wo_spp
[2024-10-03 14:09:29.050] [4975] [HailoRT] [info] [hef.cpp:1844] [get_network_group_and_network_name] No name was given. Addressing all networks of default network_group: yolov5m_wo_spp
[2024-10-03 14:09:29.093] [4975] [HailoRT] [info] [hef.cpp:1844] [get_network_group_and_network_name] No name was given. Addressing all networks of default network_group: yolov5m_wo_spp
[2024-10-03 14:09:29.093] [4975] [HailoRT] [info] [hef.cpp:1844] [get_network_group_and_network_name] No name was given. Addressing all networks of default network_group: yolov5m_wo_spp
[2024-10-03 14:09:29.132] [4975] [HailoRT] [info] [hef.cpp:1844] [get_network_group_and_network_name] No name was given. Addressing all networks of default network_group: yolov5m_wo_spp
[2024-10-03 14:09:29.133] [4975] [HailoRT] [info] [hef.cpp:1844] [get_network_group_and_network_name] No name was given. Addressing all networks of default network_group: yolov5m_wo_spp
[2024-10-03 14:09:29.173] [4975] [HailoRT] [info] [hef.cpp:1844] [get_network_group_and_network_name] No name was given. Addressing all networks of default network_group: yolov5m_wo_spp
[2024-10-03 14:09:29.174] [4975] [HailoRT] [info] [hef.cpp:1844] [get_network_group_and_network_name] No name was given. Addressing all networks of default network_group: yolov5m_wo_spp
[2024-10-03 14:09:29.217] [4975] [HailoRT] [info] [hef.cpp:1844] [get_network_group_and_network_name] No name was given. Addressing all networks of default network_group: yolov5m_wo_spp
[2024-10-03 14:09:29.217] [4975] [HailoRT] [info] [hef.cpp:1844] [get_network_group_and_network_name] No name was given. Addressing all networks of default network_group: yolov5m_wo_spp
[2024-10-03 14:09:29.261] [4975] [HailoRT] [info] [hef.cpp:1844] [get_network_group_and_network_name] No name was given. Addressing all networks of default network_group: yolov5m_wo_spp
[2024-10-03 14:09:29.261] [4975] [HailoRT] [info] [hef.cpp:1844] [get_network_group_and_network_name] No name was given. Addressing all networks of default network_group: yolov5m_wo_spp
[2024-10-03 14:09:29.304] [4975] [HailoRT] [info] [hef.cpp:1844] [get_network_group_and_network_name] No name was given. Addressing all networks of default network_group: yolov5m_wo_spp
[2024-10-03 14:09:29.304] [4975] [HailoRT] [info] [hef.cpp:1844] [get_network_group_and_network_name] No name was given. Addressing all networks of default network_group: yolov5m_wo_spp
[2024-10-03 14:09:29.344] [4975] [HailoRT] [info] [hef.cpp:1844] [get_network_group_and_network_name] No name was given. Addressing all networks of default network_group: yolov5m_wo_spp
[2024-10-03 14:09:29.344] [4975] [HailoRT] [info] [hef.cpp:1844] [get_network_group_and_network_name] No name was given. Addressing all networks of default network_group: yolov5m_wo_spp
[2024-10-03 14:09:29.386] [4975] [HailoRT] [info] [hef.cpp:1844] [get_network_group_and_network_name] No name was given. Addressing all networks of default network_group: yolov5m_wo_spp
[2024-10-03 14:09:29.386] [4975] [HailoRT] [info] [hef.cpp:1844] [get_network_group_and_network_name] No name was given. Addressing all networks of default network_group: yolov5m_wo_spp
[2024-10-03 14:09:29.427] [4975] [HailoRT] [info] [hef.cpp:1844] [get_network_group_and_network_name] No name was given. Addressing all networks of default network_group: yolov5m_wo_spp
[2024-10-03 14:09:29.427] [4975] [HailoRT] [info] [hef.cpp:1844] [get_network_group_and_network_name] No name was given. Addressing all networks of default network_group: yolov5m_wo_spp
[2024-10-03 14:09:29.471] [4975] [HailoRT] [info] [hef.cpp:1844] [get_network_group_and_network_name] No name was given. Addressing all networks of default network_group: yolov5m_wo_spp
[2024-10-03 14:09:29.472] [4975] [HailoRT] [info] [hef.cpp:1844] [get_network_group_and_network_name] No name was given. Addressing all networks of default network_group: yolov5m_wo_spp
[2024-10-03 14:09:29.515] [4975] [HailoRT] [info] [hef.cpp:1844] [get_network_group_and_network_name] No name was given. Addressing all networks of default network_group: yolov5m_wo_spp
[2024-10-03 14:09:29.515] [4975] [HailoRT] [info] [hef.cpp:1844] [get_network_group_and_network_name] No name was given. Addressing all networks of default network_group: yolov5m_wo_spp
[2024-10-03 14:09:29.557] [4975] [HailoRT] [info] [hef.cpp:1844] [get_network_group_and_network_name] No name was given. Addressing all networks of default network_group: yolov5m_wo_spp
[2024-10-03 14:09:29.557] [4975] [HailoRT] [info] [hef.cpp:1844] [get_network_group_and_network_name] No name was given. Addressing all networks of default network_group: yolov5m_wo_spp
[2024-10-03 14:09:29.602] [4975] [HailoRT] [info] [hef.cpp:1844] [get_network_group_and_network_name] No name was given. Addressing all networks of default network_group: yolov5m_wo_spp
[2024-10-03 14:09:29.602] [4975] [HailoRT] [info] [hef.cpp:1844] [get_network_group_and_network_name] No name was given. Addressing all networks of default network_group: yolov5m_wo_spp
[2024-10-03 14:09:29.643] [4975] [HailoRT] [info] [hef.cpp:1844] [get_network_group_and_network_name] No name was given. Addressing all networks of default network_group: yolov5m_wo_spp
[2024-10-03 14:09:29.643] [4975] [HailoRT] [info] [hef.cpp:1844] [get_network_group_and_network_name] No name was given. Addressing all networks of default network_group: yolov5m_wo_spp
[2024-10-03 14:09:29.685] [4975] [HailoRT] [info] [hef.cpp:1844] [get_network_group_and_network_name] No name was given. Addressing all networks of default network_group: yolov5m_wo_spp
[2024-10-03 14:09:29.685] [4975] [HailoRT] [info] [hef.cpp:1844] [get_network_group_and_network_name] No name was given. Addressing all networks of default network_group: yolov5m_wo_spp
[2024-10-03 14:09:29.727] [4975] [HailoRT] [info] [hef.cpp:1844] [get_network_group_and_network_name] No name was given. Addressing all networks of default network_group: yolov5m_wo_spp
[2024-10-03 14:09:29.727] [4975] [HailoRT] [info] [hef.cpp:1844] [get_network_group_and_network_name] No name was given. Addressing all networks of default network_group: yolov5m_wo_spp
[2024-10-03 14:09:29.771] [4975] [HailoRT] [info] [hef.cpp:1844] [get_network_group_and_network_name] No name was given. Addressing all networks of default network_group: yolov5m_wo_spp
[2024-10-03 14:09:29.772] [4975] [HailoRT] [info] [hef.cpp:1844] [get_network_group_and_network_name] No name was given. Addressing all networks of default network_group: yolov5m_wo_spp
[2024-10-03 14:09:29.814] [4975] [HailoRT] [info] [hef.cpp:1844] [get_network_group_and_network_name] No name was given. Addressing all networks of default network_group: yolov5m_wo_spp
[2024-10-03 14:09:29.814] [4975] [HailoRT] [info] [hef.cpp:1844] [get_network_group_and_network_name] No name was given. Addressing all networks of default network_group: yolov5m_wo_spp
[2024-10-03 14:09:29.854] [4975] [HailoRT] [info] [hef.cpp:1844] [get_network_group_and_network_name] No name was given. Addressing all networks of default network_group: yolov5m_wo_spp
[2024-10-03 14:09:29.854] [4975] [HailoRT] [info] [hef.cpp:1844] [get_network_group_and_network_name] No name was given. Addressing all networks of default network_group: yolov5m_wo_spp
[2024-10-03 14:09:29.899] [4975] [HailoRT] [info] [hef.cpp:1844] [get_network_group_and_network_name] No name was given. Addressing all networks of default network_group: yolov5m_wo_spp
[2024-10-03 14:09:29.899] [4975] [HailoRT] [info] [hef.cpp:1844] [get_network_group_and_network_name] No name was given. Addressing all networks of default network_group: yolov5m_wo_spp
[2024-10-03 14:09:29.939] [4975] [HailoRT] [info] [hef.cpp:1844] [get_network_group_and_network_name] No name was given. Addressing all networks of default network_group: yolov5m_wo_spp
[2024-10-03 14:09:29.940] [4975] [HailoRT] [info] [hef.cpp:1844] [get_network_group_and_network_name] No name was given. Addressing all networks of default network_group: yolov5m_wo_spp
[2024-10-03 14:09:29.983] [4975] [HailoRT] [info] [hef.cpp:1844] [get_network_group_and_network_name] No name was given. Addressing all networks of default network_group: yolov5m_wo_spp
[2024-10-03 14:09:29.984] [4975] [HailoRT] [info] [hef.cpp:1844] [get_network_group_and_network_name] No name was given. Addressing all networks of default network_group: yolov5m_wo_spp
[2024-10-03 14:09:30.027] [4975] [HailoRT] [info] [hef.cpp:1844] [get_network_group_and_network_name] No name was given. Addressing all networks of default network_group: yolov5m_wo_spp
[2024-10-03 14:09:30.028] [4975] [HailoRT] [info] [hef.cpp:1844] [get_network_group_and_network_name] No name was given. Addressing all networks of default network_group: yolov5m_wo_spp
[2024-10-03 14:09:30.071] [4975] [HailoRT] [info] [hef.cpp:1844] [get_network_group_and_network_name] No name was given. Addressing all networks of default network_group: yolov5m_wo_spp
[2024-10-03 14:09:30.071] [4975] [HailoRT] [info] [hef.cpp:1844] [get_network_group_and_network_name] No name was given. Addressing all networks of default network_group: yolov5m_wo_spp
[2024-10-03 14:09:30.110] [4975] [HailoRT] [info] [hef.cpp:1844] [get_network_group_and_network_name] No name was given. Addressing all networks of default network_group: yolov5m_wo_spp
[2024-10-03 14:09:30.110] [4975] [HailoRT] [info] [hef.cpp:1844] [get_network_group_and_network_name] No name was given. Addressing all networks of default network_group: yolov5m_wo_spp
[2024-10-03 14:09:30.149] [4975] [HailoRT] [info] [hef.cpp:1844] [get_network_group_and_network_name] No name was given. Addressing all networks of default network_group: yolov5m_wo_spp
[2024-10-03 14:09:30.149] [4975] [HailoRT] [info] [hef.cpp:1844] [get_network_group_and_network_name] No name was given. Addressing all networks of default network_group: yolov5m_wo_spp
[2024-10-03 14:09:30.191] [4975] [HailoRT] [info] [hef.cpp:1844] [get_network_group_and_network_name] No name was given. Addressing all networks of default network_group: yolov5m_wo_spp
[2024-10-03 14:09:30.191] [4975] [HailoRT] [info] [hef.cpp:1844] [get_network_group_and_network_name] No name was given. Addressing all networks of default network_group: yolov5m_wo_spp
[2024-10-03 14:09:30.236] [4975] [HailoRT] [info] [hef.cpp:1844] [get_network_group_and_network_name] No name was given. Addressing all networks of default network_group: yolov5m_wo_spp
[2024-10-03 14:09:30.236] [4975] [HailoRT] [info] [hef.cpp:1844] [get_network_group_and_network_name] No name was given. Addressing all networks of default network_group: yolov5m_wo_spp
[2024-10-03 14:09:30.279] [4975] [HailoRT] [info] [hef.cpp:1844] [get_network_group_and_network_name] No name was given. Addressing all networks of default network_group: yolov5m_wo_spp
[2024-10-03 14:09:30.279] [4975] [HailoRT] [info] [hef.cpp:1844] [get_network_group_and_network_name] No name was given. Addressing all networks of default network_group: yolov5m_wo_spp
[2024-10-03 14:09:30.320] [4975] [HailoRT] [info] [hef.cpp:1844] [get_network_group_and_network_name] No name was given. Addressing all networks of default network_group: yolov5m_wo_spp
[2024-10-03 14:09:30.320] [4975] [HailoRT] [info] [hef.cpp:1844] [get_network_group_and_network_name] No name was given. Addressing all networks of default network_group: yolov5m_wo_spp
[2024-10-03 14:09:30.360] [4975] [HailoRT] [info] [hef.cpp:1844] [get_network_group_and_network_name] No name was given. Addressing all networks of default network_group: yolov5m_wo_spp
[2024-10-03 14:09:30.360] [4975] [HailoRT] [info] [hef.cpp:1844] [get_network_group_and_network_name] No name was given. Addressing all networks of default network_group: yolov5m_wo_spp
[2024-10-03 14:09:30.402] [4975] [HailoRT] [info] [hef.cpp:1844] [get_network_group_and_network_name] No name was given. Addressing all networks of default network_group: yolov5m_wo_spp
[2024-10-03 14:09:30.402] [4975] [HailoRT] [info] [hef.cpp:1844] [get_network_group_and_network_name] No name was given. Addressing all networks of default network_group: yolov5m_wo_spp
[2024-10-03 14:09:30.444] [4975] [HailoRT] [info] [hef.cpp:1844] [get_network_group_and_network_name] No name was given. Addressing all networks of default network_group: yolov5m_wo_spp
[2024-10-03 14:09:30.444] [4975] [HailoRT] [info] [hef.cpp:1844] [get_network_group_and_network_name] No name was given. Addressing all networks of default network_group: yolov5m_wo_spp
[2024-10-03 14:09:30.485] [4975] [HailoRT] [info] [hef.cpp:1844] [get_network_group_and_network_name] No name was given. Addressing all networks of default network_group: yolov5m_wo_spp
[2024-10-03 14:09:30.486] [4975] [HailoRT] [info] [hef.cpp:1844] [get_network_group_and_network_name] No name was given. Addressing all networks of default network_group: yolov5m_wo_spp
[2024-10-03 14:09:30.525] [4975] [HailoRT] [info] [hef.cpp:1844] [get_network_group_and_network_name] No name was given. Addressing all networks of default network_group: yolov5m_wo_spp
[2024-10-03 14:09:30.525] [4975] [HailoRT] [info] [hef.cpp:1844] [get_network_group_and_network_name] No name was given. Addressing all networks of default network_group: yolov5m_wo_spp
[2024-10-03 14:09:30.569] [4975] [HailoRT] [info] [hef.cpp:1844] [get_network_group_and_network_name] No name was given. Addressing all networks of default network_group: yolov5m_wo_spp
[2024-10-03 14:09:30.570] [4975] [HailoRT] [info] [hef.cpp:1844] [get_network_group_and_network_name] No name was given. Addressing all networks of default network_group: yolov5m_wo_spp
[2024-10-03 14:09:30.612] [4975] [HailoRT] [info] [hef.cpp:1844] [get_network_group_and_network_name] No name was given. Addressing all networks of default network_group: yolov5m_wo_spp
[2024-10-03 14:09:30.612] [4975] [HailoRT] [info] [hef.cpp:1844] [get_network_group_and_network_name] No name was given. Addressing all networks of default network_group: yolov5m_wo_spp
[2024-10-03 14:09:30.657] [4975] [HailoRT] [info] [hef.cpp:1844] [get_network_group_and_network_name] No name was given. Addressing all networks of default network_group: yolov5m_wo_spp
[2024-10-03 14:09:30.657] [4975] [HailoRT] [info] [hef.cpp:1844] [get_network_group_and_network_name] No name was given. Addressing all networks of default network_group: yolov5m_wo_spp
[2024-10-03 14:09:30.698] [4975] [HailoRT] [info] [hef.cpp:1844] [get_network_group_and_network_name] No name was given. Addressing all networks of default network_group: yolov5m_wo_spp
[2024-10-03 14:09:30.698] [4975] [HailoRT] [info] [hef.cpp:1844] [get_network_group_and_network_name] No name was given. Addressing all networks of default network_group: yolov5m_wo_spp
[2024-10-03 14:09:30.737] [4975] [HailoRT] [info] [hef.cpp:1844] [get_network_group_and_network_name] No name was given. Addressing all networks of default network_group: yolov5m_wo_spp
[2024-10-03 14:09:30.738] [4975] [HailoRT] [info] [hef.cpp:1844] [get_network_group_and_network_name] No name was given. Addressing all networks of default network_group: yolov5m_wo_spp
[2024-10-03 14:09:30.779] [4975] [HailoRT] [info] [hef.cpp:1844] [get_network_group_and_network_name] No name was given. Addressing all networks of default network_group: yolov5m_wo_spp
[2024-10-03 14:09:30.779] [4975] [HailoRT] [info] [hef.cpp:1844] [get_network_group_and_network_name] No name was given. Addressing all networks of default network_group: yolov5m_wo_spp
[2024-10-03 14:09:30.820] [4975] [HailoRT] [info] [hef.cpp:1844] [get_network_group_and_network_name] No name was given. Addressing all networks of default network_group: yolov5m_wo_spp
[2024-10-03 14:09:30.820] [4975] [HailoRT] [info] [hef.cpp:1844] [get_network_group_and_network_name] No name was given. Addressing all networks of default network_group: yolov5m_wo_spp
[2024-10-03 14:09:30.865] [4975] [HailoRT] [info] [hef.cpp:1844] [get_network_group_and_network_name] No name was given. Addressing all networks of default network_group: yolov5m_wo_spp
[2024-10-03 14:09:30.866] [4975] [HailoRT] [info] [hef.cpp:1844] [get_network_group_and_network_name] No name was given. Addressing all networks of default network_group: yolov5m_wo_spp
[2024-10-03 14:09:30.909] [4975] [HailoRT] [info] [hef.cpp:1844] [get_network_group_and_network_name] No name was given. Addressing all networks of default network_group: yolov5m_wo_spp
[2024-10-03 14:09:30.909] [4975] [HailoRT] [info] [hef.cpp:1844] [get_network_group_and_network_name] No name was given. Addressing all networks of default network_group: yolov5m_wo_spp
[2024-10-03 14:09:30.952] [4975] [HailoRT] [info] [hef.cpp:1844] [get_network_group_and_network_name] No name was given. Addressing all networks of default network_group: yolov5m_wo_spp
[2024-10-03 14:09:30.952] [4975] [HailoRT] [info] [hef.cpp:1844] [get_network_group_and_network_name] No name was given. Addressing all networks of default network_group: yolov5m_wo_spp
[2024-10-03 14:09:30.996] [4975] [HailoRT] [info] [hef.cpp:1844] [get_network_group_and_network_name] No name was given. Addressing all networks of default network_group: yolov5m_wo_spp
[2024-10-03 14:09:30.996] [4975] [HailoRT] [info] [hef.cpp:1844] [get_network_group_and_network_name] No name was given. Addressing all networks of default network_group: yolov5m_wo_spp
[2024-10-03 14:09:31.042] [4975] [HailoRT] [info] [hef.cpp:1844] [get_network_group_and_network_name] No name was given. Addressing all networks of default network_group: yolov5m_wo_spp
[2024-10-03 14:09:31.043] [4975] [HailoRT] [info] [hef.cpp:1844] [get_network_group_and_network_name] No name was given. Addressing all networks of default network_group: yolov5m_wo_spp
[2024-10-03 14:09:31.084] [4975] [HailoRT] [info] [hef.cpp:1844] [get_network_group_and_network_name] No name was given. Addressing all networks of default network_group: yolov5m_wo_spp
[2024-10-03 14:09:31.084] [4975] [HailoRT] [info] [hef.cpp:1844] [get_network_group_and_network_name] No name was given. Addressing all networks of default network_group: yolov5m_wo_spp
[2024-10-03 14:09:31.124] [4975] [HailoRT] [info] [hef.cpp:1844] [get_network_group_and_network_name] No name was given. Addressing all networks of default network_group: yolov5m_wo_spp
[2024-10-03 14:09:31.124] [4975] [HailoRT] [info] [hef.cpp:1844] [get_network_group_and_network_name] No name was given. Addressing all networks of default network_group: yolov5m_wo_spp
[2024-10-03 14:09:31.166] [4975] [HailoRT] [info] [hef.cpp:1844] [get_network_group_and_network_name] No name was given. Addressing all networks of default network_group: yolov5m_wo_spp
[2024-10-03 14:09:31.166] [4975] [HailoRT] [info] [hef.cpp:1844] [get_network_group_and_network_name] No name was given. Addressing all networks of default network_group: yolov5m_wo_spp
[2024-10-03 14:09:31.207] [4975] [HailoRT] [info] [hef.cpp:1844] [get_network_group_and_network_name] No name was given. Addressing all networks of default network_group: yolov5m_wo_spp
[2024-10-03 14:09:31.207] [4975] [HailoRT] [info] [hef.cpp:1844] [get_network_group_and_network_name] No name was given. Addressing all networks of default network_group: yolov5m_wo_spp
[2024-10-03 14:09:31.251] [4975] [HailoRT] [info] [hef.cpp:1844] [get_network_group_and_network_name] No name was given. Addressing all networks of default network_group: yolov5m_wo_spp
[2024-10-03 14:09:31.251] [4975] [HailoRT] [info] [hef.cpp:1844] [get_network_group_and_network_name] No name was given. Addressing all networks of default network_group: yolov5m_wo_spp
[2024-10-03 14:09:31.301] [4975] [HailoRT] [info] [hef.cpp:1844] [get_network_group_and_network_name] No name was given. Addressing all networks of default network_group: yolov5m_wo_spp
[2024-10-03 14:09:31.301] [4975] [HailoRT] [info] [hef.cpp:1844] [get_network_group_and_network_name] No name was given. Addressing all networks of default network_group: yolov5m_wo_spp
[2024-10-03 14:09:31.346] [4975] [HailoRT] [info] [hef.cpp:1844] [get_network_group_and_network_name] No name was given. Addressing all networks of default network_group: yolov5m_wo_spp
[2024-10-03 14:09:31.346] [4975] [HailoRT] [info] [hef.cpp:1844] [get_network_group_and_network_name] No name was given. Addressing all networks of default network_group: yolov5m_wo_spp
[2024-10-03 14:09:31.392] [4975] [HailoRT] [info] [hef.cpp:1844] [get_network_group_and_network_name] No name was given. Addressing all networks of default network_group: yolov5m_wo_spp
[2024-10-03 14:09:31.392] [4975] [HailoRT] [info] [hef.cpp:1844] [get_network_group_and_network_name] No name was given. Addressing all networks of default network_group: yolov5m_wo_spp
[2024-10-03 14:09:31.438] [4975] [HailoRT] [info] [hef.cpp:1844] [get_network_group_and_network_name] No name was given. Addressing all networks of default network_group: yolov5m_wo_spp
[2024-10-03 14:09:31.438] [4975] [HailoRT] [info] [hef.cpp:1844] [get_network_group_and_network_name] No name was given. Addressing all networks of default network_group: yolov5m_wo_spp
[2024-10-03 14:09:31.485] [4975] [HailoRT] [info] [hef.cpp:1844] [get_network_group_and_network_name] No name was given. Addressing all networks of default network_group: yolov5m_wo_spp
[2024-10-03 14:09:31.485] [4975] [HailoRT] [info] [hef.cpp:1844] [get_network_group_and_network_name] No name was given. Addressing all networks of default network_group: yolov5m_wo_spp
[2024-10-03 14:09:31.530] [4975] [HailoRT] [info] [hef.cpp:1844] [get_network_group_and_network_name] No name was given. Addressing all networks of default network_group: yolov5m_wo_spp
[2024-10-03 14:09:31.531] [4975] [HailoRT] [info] [hef.cpp:1844] [get_network_group_and_network_name] No name was given. Addressing all networks of default network_group: yolov5m_wo_spp
[2024-10-03 14:09:31.573] [4975] [HailoRT] [info] [hef.cpp:1844] [get_network_group_and_network_name] No name was given. Addressing all networks of default network_group: yolov5m_wo_spp
[2024-10-03 14:09:31.573] [4975] [HailoRT] [info] [hef.cpp:1844] [get_network_group_and_network_name] No name was given. Addressing all networks of default network_group: yolov5m_wo_spp
[2024-10-03 14:09:31.615] [4975] [HailoRT] [info] [hef.cpp:1844] [get_network_group_and_network_name] No name was given. Addressing all networks of default network_group: yolov5m_wo_spp
[2024-10-03 14:09:31.615] [4975] [HailoRT] [info] [hef.cpp:1844] [get_network_group_and_network_name] No name was given. Addressing all networks of default network_group: yolov5m_wo_spp
[2024-10-03 14:09:31.660] [4975] [HailoRT] [info] [hef.cpp:1844] [get_network_group_and_network_name] No name was given. Addressing all networks of default network_group: yolov5m_wo_spp
[2024-10-03 14:09:31.660] [4975] [HailoRT] [info] [hef.cpp:1844] [get_network_group_and_network_name] No name was given. Addressing all networks of default network_group: yolov5m_wo_spp
[2024-10-03 14:09:31.701] [4975] [HailoRT] [info] [hef.cpp:1844] [get_network_group_and_network_name] No name was given. Addressing all networks of default network_group: yolov5m_wo_spp
[2024-10-03 14:09:31.701] [4975] [HailoRT] [info] [hef.cpp:1844] [get_network_group_and_network_name] No name was given. Addressing all networks of default network_group: yolov5m_wo_spp
[2024-10-03 14:09:31.741] [4975] [HailoRT] [info] [hef.cpp:1844] [get_network_group_and_network_name] No name was given. Addressing all networks of default network_group: yolov5m_wo_spp
[2024-10-03 14:09:31.741] [4975] [HailoRT] [info] [hef.cpp:1844] [get_network_group_and_network_name] No name was given. Addressing all networks of default network_group: yolov5m_wo_spp
[2024-10-03 14:09:31.783] [4975] [HailoRT] [info] [hef.cpp:1844] [get_network_group_and_network_name] No name was given. Addressing all networks of default network_group: yolov5m_wo_spp
[2024-10-03 14:09:31.783] [4975] [HailoRT] [info] [hef.cpp:1844] [get_network_group_and_network_name] No name was given. Addressing all networks of default network_group: yolov5m_wo_spp
[2024-10-03 14:09:31.827] [4975] [HailoRT] [info] [hef.cpp:1844] [get_network_group_and_network_name] No name was given. Addressing all networks of default network_group: yolov5m_wo_spp
[2024-10-03 14:09:31.827] [4975] [HailoRT] [info] [hef.cpp:1844] [get_network_group_and_network_name] No name was given. Addressing all networks of default network_group: yolov5m_wo_spp
[2024-10-03 14:09:31.868] [4975] [HailoRT] [info] [hef.cpp:1844] [get_network_group_and_network_name] No name was given. Addressing all networks of default network_group: yolov5m_wo_spp
[2024-10-03 14:09:31.868] [4975] [HailoRT] [info] [hef.cpp:1844] [get_network_group_and_network_name] No name was given. Addressing all networks of default network_group: yolov5m_wo_spp
[2024-10-03 14:09:31.908] [4975] [HailoRT] [info] [hef.cpp:1844] [get_network_group_and_network_name] No name was given. Addressing all networks of default network_group: yolov5m_wo_spp
[2024-10-03 14:09:31.908] [4975] [HailoRT] [info] [hef.cpp:1844] [get_network_group_and_network_name] No name was given. Addressing all networks of default network_group: yolov5m_wo_spp
[2024-10-03 14:09:31.951] [4975] [HailoRT] [info] [hef.cpp:1844] [get_network_group_and_network_name] No name was given. Addressing all networks of default network_group: yolov5m_wo_spp
[2024-10-03 14:09:31.951] [4975] [HailoRT] [info] [hef.cpp:1844] [get_network_group_and_network_name] No name was given. Addressing all networks of default network_group: yolov5m_wo_spp
[2024-10-03 14:09:31.994] [4975] [HailoRT] [info] [hef.cpp:1844] [get_network_group_and_network_name] No name was given. Addressing all networks of default network_group: yolov5m_wo_spp
[2024-10-03 14:09:31.994] [4975] [HailoRT] [info] [hef.cpp:1844] [get_network_group_and_network_name] No name was given. Addressing all networks of default network_group: yolov5m_wo_spp
[2024-10-03 14:09:32.040] [4975] [HailoRT] [info] [hef.cpp:1844] [get_network_group_and_network_name] No name was given. Addressing all networks of default network_group: yolov5m_wo_spp
[2024-10-03 14:09:32.040] [4975] [HailoRT] [info] [hef.cpp:1844] [get_network_group_and_network_name] No name was given. Addressing all networks of default network_group: yolov5m_wo_spp
[2024-10-03 14:09:32.076] [4975] [HailoRT] [info] [async_infer_runner.cpp:86] [shutdown] Pipeline was aborted. Shutting it down
[2024-10-03 14:09:32.077] [4975] [HailoRT] [info] [async_infer_runner.cpp:86] [shutdown] Pipeline was aborted. Shutting it down
[2024-10-03 14:09:32.077] [4975] [HailoRT] [info] [queue_elements.cpp:527] [execute_deactivate] enqueue() in element PushQEl_nms1yolov5m_wo_spp/conv93_132 was aborted, got status = HAILO_SHUTDOWN_EVENT_SIGNALED(57)
[2024-10-03 14:09:32.077] [4975] [HailoRT] [info] [queue_elements.cpp:527] [execute_deactivate] enqueue() in element PushQEl_nms0yolov5m_wo_spp/conv84_132 was aborted, got status = HAILO_SHUTDOWN_EVENT_SIGNALED(57)
[2024-10-03 14:09:32.077] [4975] [HailoRT] [info] [queue_elements.cpp:527] [execute_deactivate] enqueue() in element PushQEl_nms2yolov5m_wo_spp/conv74_132 was aborted, got status = HAILO_SHUTDOWN_EVENT_SIGNALED(57)
[2024-10-03 14:09:32.077] [4975] [HailoRT] [info] [queue_elements.cpp:527] [execute_deactivate] enqueue() in element PushQEl1yolov5m_wo_spp/input_layer1 was aborted, got status = HAILO_SHUTDOWN_EVENT_SIGNALED(57)
[2024-10-03 14:09:32.077] [4975] [HailoRT] [info] [queue_elements.cpp:527] [execute_deactivate] enqueue() in element EntryPushQEl0yolov5m_wo_spp/input_layer1 was aborted, got status = HAILO_SHUTDOWN_EVENT_SIGNALED(57)
[2024-10-03 14:09:32.077] [4975] [HailoRT] [info] [queue_elements.cpp:43] [~BaseQueueElement] Queue element EntryPushQEl0yolov5m_wo_spp/input_layer1 has 0 frames in his Queue on destruction
[2024-10-03 14:09:32.077] [4975] [HailoRT] [info] [queue_elements.cpp:43] [~BaseQueueElement] Queue element PushQEl1yolov5m_wo_spp/input_layer1 has 0 frames in his Queue on destruction
[2024-10-03 14:09:32.077] [4975] [HailoRT] [info] [queue_elements.cpp:43] [~BaseQueueElement] Queue element PushQEl_nms2yolov5m_wo_spp/conv74_132 has 0 frames in his Queue on destruction
[2024-10-03 14:09:32.078] [4975] [HailoRT] [info] [queue_elements.cpp:43] [~BaseQueueElement] Queue element PushQEl_nms0yolov5m_wo_spp/conv84_132 has 0 frames in his Queue on destruction
[2024-10-03 14:09:32.078] [4975] [HailoRT] [info] [queue_elements.cpp:43] [~BaseQueueElement] Queue element PushQEl_nms1yolov5m_wo_spp/conv93_132 has 0 frames in his Queue on destruction
